<?xml version="1.0" encoding="UTF-8"?>
<!-- Generated by org.testng.reporters.JUnitReportReporter -->
<testsuite hostname="NITIN" failures="0" tests="1" name="TestCases.verifyLogin" time="12.009" errors="0" timestamp="2023-06-15T12:56:59 IST" skipped="0">
  <testcase classname="TestCases.verifyLogin" name="Login" time="12.009"/>
  <system-out/>
</testsuite> <!-- TestCases.verifyLogin -->
