<?xml version="1.0" encoding="UTF-8"?>
<!-- Generated by org.testng.reporters.JUnitReportReporter -->
<testsuite hostname="NITIN" failures="0" tests="1" name="TestCases.verifyLogin" time="25.406" errors="0" timestamp="2023-06-16T16:19:35 IST" skipped="0">
  <testcase classname="TestCases.verifyLogin" name="Login" time="25.406"/>
</testsuite> <!-- TestCases.verifyLogin -->
