<?xml version="1.0" encoding="UTF-8"?>
<!-- Generated by org.testng.reporters.JUnitReportReporter -->
<testsuite hostname="NITIN" failures="0" tests="1" name="TestCases.verifySignup" time="48.145" errors="0" timestamp="2023-06-16T16:19:34 IST" skipped="0">
  <testcase classname="TestCases.verifySignup" name="SignUp" time="48.145"/>
</testsuite> <!-- TestCases.verifySignup -->
